<?xml version="1.0" encoding="UTF-8"?>
<testng-results skipped="0" failed="0" total="1" passed="1">
  <reporter-output>
  </reporter-output>
  <suite name="Suite1" duration-ms="51865" started-at="2020-12-12T20:31:02Z" finished-at="2020-12-12T20:31:54Z">
    <groups>
    </groups>
    <test name="Nopackage" duration-ms="51865" started-at="2020-12-12T20:31:02Z" finished-at="2020-12-12T20:31:54Z">
      <class name="com.hrms.testscripts.TC001">
        <test-method status="PASS" signature="tc001()[pri:0, instance:com.hrms.testscripts.TC001@2437c6dc]" name="tc001" duration-ms="51821" started-at="2020-12-12T20:31:02Z" finished-at="2020-12-12T20:31:54Z">
          <reporter-output>
          </reporter-output>
        </test-method> <!-- tc001 -->
      </class> <!-- com.hrms.testscripts.TC001 -->
    </test> <!-- Nopackage -->
  </suite> <!-- Suite1 -->
</testng-results>
